#
# There is insufficient memory for the Java Runtime Environment to continue.
# Native memory allocation (mmap) failed to map 257949696 bytes for G1 virtual space
# Possible reasons:
#   The system is out of physical RAM or swap space
#   The process is running with CompressedOops enabled, and the Java Heap may be blocking the growth of the native heap
# Possible solutions:
#   Reduce memory load on the system
#   Increase physical memory or swap space
#   Check if swap backing store is full
#   Decrease Java heap size (-Xmx/-Xms)
#   Decrease number of Java threads
#   Decrease Java thread stack sizes (-Xss)
#   Set larger code cache with -XX:ReservedCodeCacheSize=
#   JVM is running with Zero Based Compressed Oops mode in which the Java heap is
#     placed in the first 32GB address space. The Java Heap base address is the
#     maximum limit for the native heap growth. Please use -XX:HeapBaseMinAddress
#     to set the Java Heap base and to place the Java Heap above 32GB virtual address.
# This output file may be truncated or incomplete.
#
#  Out of Memory Error (os_windows.cpp:3771), pid=9008, tid=18416
#
# JRE version:  (17.0.7+7) (build )
# Java VM: OpenJDK 64-Bit Server VM (17.0.7+7-b1000.6, mixed mode, emulated-client, sharing, tiered, compressed oops, compressed class ptrs, g1 gc, windows-amd64)
# No core dump will be written. Minidumps are not enabled by default on client versions of Windows
#

---------------  S U M M A R Y ------------

Command Line: -XX:TieredStopAtLevel=1 -Dspring.output.ansi.enabled=always -Dcom.sun.management.jmxremote -Dspring.jmx.enabled=true -Dspring.liveBeansView.mbeanDomain -Dspring.application.admin.enabled=true -Dmanagement.endpoints.jmx.exposure.include=* -javaagent:D:\Tools\IntellijIDEA\IntelliJ IDEA 2022.3.1\lib\idea_rt.jar=62368:D:\Tools\IntellijIDEA\IntelliJ IDEA 2022.3.1\bin -Dfile.encoding=UTF-8 cn.keking.ServerMain

Host: AMD Ryzen 7 4800H with Radeon Graphics         , 16 cores, 15G,  Windows 11 , 64 bit Build 22621 (10.0.22621.2070)
Time: Sun Sep 10 21:27:19 2023  Windows 11 , 64 bit Build 22621 (10.0.22621.2070) elapsed time: 0.027899 seconds (0d 0h 0m 0s)

---------------  T H R E A D  ---------------

Current thread (0x0000020f9fc38f80):  JavaThread "Unknown thread" [_thread_in_vm, id=18416, stack(0x0000002fe0100000,0x0000002fe0200000)]

Stack: [0x0000002fe0100000,0x0000002fe0200000]
Native frames: (J=compiled Java code, j=interpreted, Vv=VM code, C=native code)
V  [jvm.dll+0x683bfa]
V  [jvm.dll+0x8430a4]
V  [jvm.dll+0x8449be]
V  [jvm.dll+0x845023]
V  [jvm.dll+0x24ad2f]
V  [jvm.dll+0x680ac9]
V  [jvm.dll+0x67519a]
V  [jvm.dll+0x30b3cb]
V  [jvm.dll+0x312876]
V  [jvm.dll+0x36221e]
V  [jvm.dll+0x36244f]
V  [jvm.dll+0x2e14a8]
V  [jvm.dll+0x2e2414]
V  [jvm.dll+0x814391]
V  [jvm.dll+0x36ffe1]
V  [jvm.dll+0x7f396c]
V  [jvm.dll+0x3f305f]
V  [jvm.dll+0x3f4b91]
C  [jli.dll+0x528f]
C  [ucrtbase.dll+0x29363]
C  [KERNEL32.DLL+0x126ad]
C  [ntdll.dll+0x5aa68]


---------------  P R O C E S S  ---------------

Threads class SMR info:
_java_thread_list=0x00007ffcefd9d098, length=0, elements={
}

Java Threads: ( => current thread )

Other Threads:
  0x0000020f9fca4740 GCTaskThread "GC Thread#0" [stack: 0x0000002fe0200000,0x0000002fe0300000] [id=22504]
  0x0000020f9fcd1040 ConcurrentGCThread "G1 Main Marker" [stack: 0x0000002fe0300000,0x0000002fe0400000] [id=21144]
  0x0000020f9fcd21f0 ConcurrentGCThread "G1 Conc#0" [stack: 0x0000002fe0400000,0x0000002fe0500000] [id=20768]

[error occurred during error reporting (printing all threads), id 0xc0000005, EXCEPTION_ACCESS_VIOLATION (0xc0000005) at pc=0x00007ffcef552087]

VM state: not at safepoint (not fully initialized)

VM Mutex/Monitor currently owned by a thread:  ([mutex/lock_event])
[0x0000020f9fc330b0] Heap_lock - owner thread: 0x0000020f9fc38f80

Heap address: 0x000000070a200000, size: 3934 MB, Compressed Oops mode: Zero based, Oop shift amount: 3

CDS archive(s) mapped at: [0x0000000000000000-0x0000000000000000-0x0000000000000000), size 0, SharedBaseAddress: 0x0000000800000000, ArchiveRelocationMode: 0.
Narrow klass base: 0x0000000000000000, Narrow klass shift: 0, Narrow klass range: 0x0

GC Precious Log:
<Empty>

Heap:
 garbage-first heap   total 0K, used 0K [0x000000070a200000, 0x0000000800000000)
  region size 2048K, 0 young (0K), 0 survivors (0K)
 Metaspace       used 0K, committed 0K, reserved 0K
  class space    used 0K, committed 0K, reserved 0K

Heap Regions: E=young(eden), S=young(survivor), O=old, HS=humongous(starts), HC=humongous(continues), CS=collection set, F=free, OA=open archive, CA=closed archive, TAMS=top-at-mark-start (previous, next)

Card table byte_map: [0x0000020fa71a0000,0x0000020fa7950000] _byte_map_base: 0x0000020fa394f000

Marking Bits (Prev, Next): (CMBitMap*) 0x0000020f9fca4d50, (CMBitMap*) 0x0000020f9fca4d90
 Prev Bits: [0x0000020fa8100000, 0x0000020fabe78000)
 Next Bits: [0x0000020fabe80000, 0x0000020fafbf8000)

GC Heap History (0 events):
No events

Dll operation events (1 events):
Event: 0.019 Loaded shared library D:\Tools\IntellijIDEA\IntelliJ IDEA 2022.3.1\jbr\bin\java.dll

Deoptimization events (0 events):
No events

Classes unloaded (0 events):
No events

Classes redefined (0 events):
No events

Internal exceptions (0 events):
No events

VM Operations (0 events):
No events

Events (0 events):
No events


Dynamic libraries:
0x00007ff70f190000 - 0x00007ff70f19a000 	D:\Tools\IntellijIDEA\IntelliJ IDEA 2022.3.1\jbr\bin\java.exe
0x00007ffd4d450000 - 0x00007ffd4d664000 	C:\WINDOWS\SYSTEM32\ntdll.dll
0x00007ffd4d110000 - 0x00007ffd4d1d4000 	C:\WINDOWS\System32\KERNEL32.DLL
0x00007ffd4ac00000 - 0x00007ffd4afa4000 	C:\WINDOWS\System32\KERNELBASE.dll
0x00007ffd4afb0000 - 0x00007ffd4b0c1000 	C:\WINDOWS\System32\ucrtbase.dll
0x00007ffd24520000 - 0x00007ffd24537000 	D:\Tools\IntellijIDEA\IntelliJ IDEA 2022.3.1\jbr\bin\jli.dll
0x00007ffd457f0000 - 0x00007ffd4580b000 	D:\Tools\IntellijIDEA\IntelliJ IDEA 2022.3.1\jbr\bin\VCRUNTIME140.dll
0x00007ffd4b310000 - 0x00007ffd4b4ba000 	C:\WINDOWS\System32\USER32.dll
0x00007ffd4a8a0000 - 0x00007ffd4a8c6000 	C:\WINDOWS\System32\win32u.dll
0x00007ffd4d0e0000 - 0x00007ffd4d109000 	C:\WINDOWS\System32\GDI32.dll
0x00007ffd4a970000 - 0x00007ffd4aa89000 	C:\WINDOWS\System32\gdi32full.dll
0x00007ffd2d8c0000 - 0x00007ffd2db4f000 	C:\WINDOWS\WinSxS\amd64_microsoft.windows.common-controls_6595b64144ccf1df_6.0.22621.2070_none_2713e6537381f706\COMCTL32.dll
0x00007ffd4a8d0000 - 0x00007ffd4a96a000 	C:\WINDOWS\System32\msvcp_win.dll
0x00007ffd4c0a0000 - 0x00007ffd4c147000 	C:\WINDOWS\System32\msvcrt.dll
0x00007ffd4bff0000 - 0x00007ffd4c021000 	C:\WINDOWS\System32\IMM32.DLL
0x00007ffd457e0000 - 0x00007ffd457ec000 	D:\Tools\IntellijIDEA\IntelliJ IDEA 2022.3.1\jbr\bin\vcruntime140_1.dll
0x00007ffd35240000 - 0x00007ffd352cd000 	D:\Tools\IntellijIDEA\IntelliJ IDEA 2022.3.1\jbr\bin\msvcp140.dll
0x00007ffcef260000 - 0x00007ffcefee0000 	D:\Tools\IntellijIDEA\IntelliJ IDEA 2022.3.1\jbr\bin\server\jvm.dll
0x00007ffd4d2b0000 - 0x00007ffd4d360000 	C:\WINDOWS\System32\ADVAPI32.dll
0x00007ffd4d1e0000 - 0x00007ffd4d286000 	C:\WINDOWS\System32\sechost.dll
0x00007ffd4bc70000 - 0x00007ffd4bd87000 	C:\WINDOWS\System32\RPCRT4.dll
0x00007ffd43be0000 - 0x00007ffd43bea000 	C:\WINDOWS\SYSTEM32\VERSION.dll
0x00007ffd30050000 - 0x00007ffd30059000 	C:\WINDOWS\SYSTEM32\WSOCK32.dll
0x00007ffd42db0000 - 0x00007ffd42de4000 	C:\WINDOWS\SYSTEM32\WINMM.dll
0x00007ffd4c2f0000 - 0x00007ffd4c361000 	C:\WINDOWS\System32\WS2_32.dll
0x00007ffd49870000 - 0x00007ffd49888000 	C:\WINDOWS\SYSTEM32\kernel.appcore.dll
0x00007ffd45aa0000 - 0x00007ffd45aaa000 	D:\Tools\IntellijIDEA\IntelliJ IDEA 2022.3.1\jbr\bin\jimage.dll
0x00007ffd48210000 - 0x00007ffd4843e000 	C:\WINDOWS\SYSTEM32\DBGHELP.DLL
0x00007ffd4b5f0000 - 0x00007ffd4b97a000 	C:\WINDOWS\System32\combase.dll
0x00007ffd4bf00000 - 0x00007ffd4bfd7000 	C:\WINDOWS\System32\OLEAUT32.dll
0x00007ffd2fe60000 - 0x00007ffd2fe92000 	C:\WINDOWS\SYSTEM32\dbgcore.DLL
0x00007ffd4b0d0000 - 0x00007ffd4b14a000 	C:\WINDOWS\System32\bcryptPrimitives.dll
0x00007ffd26500000 - 0x00007ffd2650e000 	D:\Tools\IntellijIDEA\IntelliJ IDEA 2022.3.1\jbr\bin\instrument.dll
0x00007ffd295f0000 - 0x00007ffd29615000 	D:\Tools\IntellijIDEA\IntelliJ IDEA 2022.3.1\jbr\bin\java.dll

dbghelp: loaded successfully - version: 4.0.5 - missing functions: none
symbol engine: initialized successfully - sym options: 0x614 - pdb path: .;D:\Tools\IntellijIDEA\IntelliJ IDEA 2022.3.1\jbr\bin;C:\WINDOWS\SYSTEM32;C:\WINDOWS\WinSxS\amd64_microsoft.windows.common-controls_6595b64144ccf1df_6.0.22621.2070_none_2713e6537381f706;D:\Tools\IntellijIDEA\IntelliJ IDEA 2022.3.1\jbr\bin\server

VM Arguments:
jvm_args: -XX:TieredStopAtLevel=1 -Dspring.output.ansi.enabled=always -Dcom.sun.management.jmxremote -Dspring.jmx.enabled=true -Dspring.liveBeansView.mbeanDomain -Dspring.application.admin.enabled=true -Dmanagement.endpoints.jmx.exposure.include=* -javaagent:D:\Tools\IntellijIDEA\IntelliJ IDEA 2022.3.1\lib\idea_rt.jar=62368:D:\Tools\IntellijIDEA\IntelliJ IDEA 2022.3.1\bin -Dfile.encoding=UTF-8 
java_command: cn.keking.ServerMain
java_class_path (initial): D:\SourceCode\kkFileView-master\server\target\classes;D:\Tools\maven-gradle-repo\Maven\repository\org\jodconverter\jodconverter-local\4.4.6\jodconverter-local-4.4.6.jar;D:\Tools\maven-gradle-repo\Maven\repository\org\jodconverter\jodconverter-core\4.4.6\jodconverter-core-4.4.6.jar;D:\Tools\maven-gradle-repo\Maven\repository\com\google\code\gson\gson\2.8.6\gson-2.8.6.jar;D:\Tools\maven-gradle-repo\Maven\repository\org\openoffice\juh\4.1.2\juh-4.1.2.jar;D:\Tools\maven-gradle-repo\Maven\repository\org\openoffice\jurt\4.1.2\jurt-4.1.2.jar;D:\Tools\maven-gradle-repo\Maven\repository\org\openoffice\ridl\4.1.2\ridl-4.1.2.jar;D:\Tools\maven-gradle-repo\Maven\repository\org\openoffice\unoil\4.1.2\unoil-4.1.2.jar;D:\Tools\maven-gradle-repo\Maven\repository\org\slf4j\slf4j-api\1.7.30\slf4j-api-1.7.30.jar;D:\Tools\maven-gradle-repo\Maven\repository\org\springframework\boot\spring-boot-starter-web\2.4.2\spring-boot-starter-web-2.4.2.jar;D:\Tools\maven-gradle-repo\Maven\repository\org\springframework\boot\spring-boot-starter\2.4.2\spring-boot-starter-2.4.2.jar;D:\Tools\maven-gradle-repo\Maven\repository\org\springframework\boot\spring-boot\2.4.2\spring-boot-2.4.2.jar;D:\Tools\maven-gradle-repo\Maven\repository\org\springframework\boot\spring-boot-autoconfigure\2.4.2\spring-boot-autoconfigure-2.4.2.jar;D:\Tools\maven-gradle-repo\Maven\repository\org\springframework\boot\spring-boot-starter-logging\2.4.2\spring-boot-starter-logging-2.4.2.jar;D:\Tools\maven-gradle-repo\Maven\repository\ch\qos\logback\logback-classic\1.2.3\logback-classic-1.2.3.jar;D:\Tools\maven-gradle-repo\Maven\repository\ch\qos\logback\logback-core\1.2.3\logback-core-1.2.3.jar;D:\Tools\maven-gradle-repo\Maven\repository\org\apache\logging\log4j\log4j-to-slf4j\2.13.3\log4j-to-slf4j-2.13.3.jar;D:\Tools\maven-gradle-repo\Maven\repository\org\slf4j\jul-to-slf4j\1.7.30\jul-to-slf4j-1.7.30.jar;D:\Tools\maven-gradle-repo\Maven\repository\jakarta\annotation\jakarta.annotation-api\1.3.5\jakart
Launcher Type: SUN_STANDARD

[Global flags]
     intx CICompilerCount                          = 12                                        {product} {ergonomic}
     uint ConcGCThreads                            = 3                                         {product} {ergonomic}
     uint G1ConcRefinementThreads                  = 13                                        {product} {ergonomic}
   size_t G1HeapRegionSize                         = 2097152                                   {product} {ergonomic}
    uintx GCDrainStackTargetSize                   = 64                                        {product} {ergonomic}
   size_t InitialHeapSize                          = 257949696                                 {product} {ergonomic}
     bool ManagementServer                         = true                                      {product} {command line}
   size_t MarkStackSize                            = 4194304                                   {product} {ergonomic}
   size_t MaxHeapSize                              = 4125097984                                {product} {ergonomic}
   size_t MinHeapDeltaBytes                        = 2097152                                   {product} {ergonomic}
   size_t MinHeapSize                              = 8388608                                   {product} {ergonomic}
    uintx NonProfiledCodeHeapSize                  = 0                                      {pd product} {ergonomic}
     bool ProfileInterpreter                       = false                                  {pd product} {command line}
    uintx ProfiledCodeHeapSize                     = 0                                      {pd product} {ergonomic}
   size_t SoftMaxHeapSize                          = 4125097984                             {manageable} {ergonomic}
     intx TieredStopAtLevel                        = 1                                         {product} {command line}
     bool UseCompressedClassPointers               = true                           {product lp64_product} {ergonomic}
     bool UseCompressedOops                        = true                           {product lp64_product} {ergonomic}
     bool UseG1GC                                  = true                                      {product} {ergonomic}
     bool UseLargePagesIndividualAllocation        = false                                  {pd product} {ergonomic}

Logging:
Log output configuration:
 #0: stdout all=warning uptime,level,tags
 #1: stderr all=off uptime,level,tags

Environment Variables:
JAVA_HOME=D:\Tools\Java\JDK\jdk-17.0.6
PATH=C:\WINDOWS\system32;C:\WINDOWS;C:\WINDOWS\System32\Wbem;C:\WINDOWS\System32\WindowsPowerShell\v1.0\;C:\WINDOWS\System32\OpenSSH\;D:\Tools\Java\JDK\jdk-17.0.6\bin;D:\Tools\Java\JDK\jdk-17.0.6\jre\bin;D:\Tools\Tomcat\apache-tomcat-10.1.4\bin;D:\Tools\Maven\apache-maven-3.8.7\bin;D:\Tools\gradle-8.0.2\bin;D:\cppTools\mingw64_8.1.0\bin;D:\微信web开发者工具\dll;D:\JsTools\;C;\ProgramData\chocolatey\bin;D:\Git\cmd;D:\Tools\pkg-config_0.26-1_win32\bin;D:\Tools\glib_2.28.8-1_win32\bin;D:\Tools\gettext-runtime_0.18.1.1-2_win32\bin;D:\Tools\cmake3.26.4\bin;D:\Tools\anaconda3;D:\Tools\anaconda3\Scripts;D:\Tools\anaconda3\Library\bin;D:\Tools\anaconda3\Library\mingw-w64\bin;D:\Tools\anaconda3\Library\usr\bin;D:\Tools\mysql\bin;C:\Program Files\WireGuard\;D:\Tools\ffmpeg\ffmpeg-6.0-essentials_build\bin;D:\Tools\Kotlin\kotlin-native-windows-x86_64-1.9.10\bin;D:\Tools\Redis\Redis-x64-3.0.504;C:\Users\LSK\AppData\Local\Microsoft\WindowsApps;D:\Microsoft VS Code\bin;D:\Qt5.9.9\5.9.9\mingw53_32\bin;C:\Users\LSK\AppData\Roaming\npm
USERNAME=LSK
OS=Windows_NT
PROCESSOR_IDENTIFIER=AMD64 Family 23 Model 96 Stepping 1, AuthenticAMD
TMP=C:\Users\LSK\AppData\Local\Temp
TEMP=C:\Users\LSK\AppData\Local\Temp


JNI global refs:
JNI global refs: 0, weak refs: 0

JNI global refs memory usage: 0, weak refs: 0

OOME stack traces (most recent first):
Classloader memory used:


---------------  S Y S T E M  ---------------

OS:
 Windows 11 , 64 bit Build 22621 (10.0.22621.2070)
OS uptime: 0 days 8:21 hours

CPU: total 16 (initial active 16) (16 cores per cpu, 2 threads per core) family 23 model 96 stepping 1 microcode 0x0, cx8, cmov, fxsr, ht, mmx, 3dnowpref, sse, sse2, sse3, ssse3, sse4a, sse4.1, sse4.2, popcnt, lzcnt, tsc, tscinvbit, avx, avx2, aes, clmul, bmi1, bmi2, adx, sha, fma, vzeroupper, clflush, clflushopt

Memory: 4k page, system-wide physical 15734M (2073M free)
TotalPageFile size 18596M (AvailPageFile size 198M)
current process WorkingSet (physical memory assigned to process): 12M, peak: 12M
current process commit charge ("private bytes"): 66M, peak: 312M

vm_info: OpenJDK 64-Bit Server VM (17.0.7+7-b1000.6) for windows-amd64 JRE (17.0.7+7-b1000.6), built on 2023-07-07 by "builduser" with MS VC++ 16.10 / 16.11 (VS2019)

END.
